0 verbose cli /usr/bin/node /usr/bin/npm
1 info using npm@10.8.2
2 info using node@v18.20.8
3 silly config load:file:/usr/lib/node_modules/npm/npmrc
4 silly config load:file:/var/www/mailpanel/.npmrc
5 silly config load:file:/var/www/.npmrc
6 silly config load:file:/usr/etc/npmrc
7 verbose title npm install
8 verbose argv "install"
9 verbose logfile logs-max:10 dir:/var/www/.npm/_logs/2025-05-12T17_48_19_492Z-
10 verbose logfile /var/www/.npm/_logs/2025-05-12T17_48_19_492Z-debug-0.log
11 silly packumentCache heap:2197815296 maxSize:549453824 maxEntrySize:274726912
12 silly logfile done cleaning log files
13 silly idealTree buildDeps
14 silly reify moves {}
15 silly audit bulk request {
15 silly audit   '@alloc/quick-lru': [ '5.2.0' ],
15 silly audit   '@esbuild/aix-ppc64': [ '0.21.5' ],
15 silly audit   '@esbuild/android-arm': [ '0.21.5' ],
15 silly audit   '@esbuild/android-arm64': [ '0.21.5' ],
15 silly audit   '@esbuild/android-x64': [ '0.21.5' ],
15 silly audit   '@esbuild/darwin-arm64': [ '0.21.5' ],
15 silly audit   '@esbuild/darwin-x64': [ '0.21.5' ],
15 silly audit   '@esbuild/freebsd-arm64': [ '0.21.5' ],
15 silly audit   '@esbuild/freebsd-x64': [ '0.21.5' ],
15 silly audit   '@esbuild/linux-arm': [ '0.21.5' ],
15 silly audit   '@esbuild/linux-arm64': [ '0.21.5' ],
15 silly audit   '@esbuild/linux-ia32': [ '0.21.5' ],
15 silly audit   '@esbuild/linux-loong64': [ '0.21.5' ],
15 silly audit   '@esbuild/linux-mips64el': [ '0.21.5' ],
15 silly audit   '@esbuild/linux-ppc64': [ '0.21.5' ],
15 silly audit   '@esbuild/linux-riscv64': [ '0.21.5' ],
15 silly audit   '@esbuild/linux-s390x': [ '0.21.5' ],
15 silly audit   '@esbuild/linux-x64': [ '0.21.5' ],
15 silly audit   '@esbuild/netbsd-x64': [ '0.21.5' ],
15 silly audit   '@esbuild/openbsd-x64': [ '0.21.5' ],
15 silly audit   '@esbuild/sunos-x64': [ '0.21.5' ],
15 silly audit   '@esbuild/win32-arm64': [ '0.21.5' ],
15 silly audit   '@esbuild/win32-ia32': [ '0.21.5' ],
15 silly audit   '@esbuild/win32-x64': [ '0.21.5' ],
15 silly audit   '@isaacs/cliui': [ '8.0.2' ],
15 silly audit   '@jridgewell/gen-mapping': [ '0.3.8' ],
15 silly audit   '@jridgewell/resolve-uri': [ '3.1.2' ],
15 silly audit   '@jridgewell/set-array': [ '1.2.1' ],
15 silly audit   '@jridgewell/sourcemap-codec': [ '1.5.0' ],
15 silly audit   '@jridgewell/trace-mapping': [ '0.3.25' ],
15 silly audit   '@nodelib/fs.scandir': [ '2.1.5' ],
15 silly audit   '@nodelib/fs.stat': [ '2.0.5' ],
15 silly audit   '@nodelib/fs.walk': [ '1.2.8' ],
15 silly audit   '@pkgjs/parseargs': [ '0.11.0' ],
15 silly audit   '@rollup/rollup-android-arm-eabi': [ '4.40.2' ],
15 silly audit   '@rollup/rollup-android-arm64': [ '4.40.2' ],
15 silly audit   '@rollup/rollup-darwin-arm64': [ '4.40.2' ],
15 silly audit   '@rollup/rollup-darwin-x64': [ '4.40.2' ],
15 silly audit   '@rollup/rollup-freebsd-arm64': [ '4.40.2' ],
15 silly audit   '@rollup/rollup-freebsd-x64': [ '4.40.2' ],
15 silly audit   '@rollup/rollup-linux-arm-gnueabihf': [ '4.40.2' ],
15 silly audit   '@rollup/rollup-linux-arm-musleabihf': [ '4.40.2' ],
15 silly audit   '@rollup/rollup-linux-arm64-gnu': [ '4.40.2' ],
15 silly audit   '@rollup/rollup-linux-arm64-musl': [ '4.40.2' ],
15 silly audit   '@rollup/rollup-linux-loongarch64-gnu': [ '4.40.2' ],
15 silly audit   '@rollup/rollup-linux-powerpc64le-gnu': [ '4.40.2' ],
15 silly audit   '@rollup/rollup-linux-riscv64-gnu': [ '4.40.2' ],
15 silly audit   '@rollup/rollup-linux-riscv64-musl': [ '4.40.2' ],
15 silly audit   '@rollup/rollup-linux-s390x-gnu': [ '4.40.2' ],
15 silly audit   '@rollup/rollup-linux-x64-gnu': [ '4.40.2' ],
15 silly audit   '@rollup/rollup-linux-x64-musl': [ '4.40.2' ],
15 silly audit   '@rollup/rollup-win32-arm64-msvc': [ '4.40.2' ],
15 silly audit   '@rollup/rollup-win32-ia32-msvc': [ '4.40.2' ],
15 silly audit   '@rollup/rollup-win32-x64-msvc': [ '4.40.2' ],
15 silly audit   '@tailwindcss/forms': [ '0.5.10' ],
15 silly audit   '@types/estree': [ '1.0.7' ],
15 silly audit   '@vue/reactivity': [ '3.1.5' ],
15 silly audit   '@vue/shared': [ '3.1.5' ],
15 silly audit   alpinejs: [ '3.14.9' ],
15 silly audit   'ansi-regex': [ '6.1.0', '5.0.1' ],
15 silly audit   'ansi-styles': [ '6.2.1', '4.3.0' ],
15 silly audit   'any-promise': [ '1.3.0' ],
15 silly audit   anymatch: [ '3.1.3' ],
15 silly audit   arg: [ '5.0.2' ],
15 silly audit   asynckit: [ '0.4.0' ],
15 silly audit   autoprefixer: [ '10.4.21' ],
15 silly audit   axios: [ '1.9.0' ],
15 silly audit   'balanced-match': [ '1.0.2' ],
15 silly audit   'binary-extensions': [ '2.3.0' ],
15 silly audit   'brace-expansion': [ '2.0.1' ],
15 silly audit   braces: [ '3.0.3' ],
15 silly audit   browserslist: [ '4.24.5' ],
15 silly audit   'call-bind-apply-helpers': [ '1.0.2' ],
15 silly audit   'camelcase-css': [ '2.0.1' ],
15 silly audit   'caniuse-lite': [ '1.0.30001717' ],
15 silly audit   chokidar: [ '3.6.0' ],
15 silly audit   'glob-parent': [ '5.1.2', '6.0.2' ],
15 silly audit   'color-convert': [ '2.0.1' ],
15 silly audit   'color-name': [ '1.1.4' ],
15 silly audit   'combined-stream': [ '1.0.8' ],
15 silly audit   commander: [ '4.1.1' ],
15 silly audit   'cross-spawn': [ '7.0.6' ],
15 silly audit   cssesc: [ '3.0.0' ],
15 silly audit   'delayed-stream': [ '1.0.0' ],
15 silly audit   didyoumean: [ '1.2.2' ],
15 silly audit   dlv: [ '1.1.3' ],
15 silly audit   'dunder-proto': [ '1.0.1' ],
15 silly audit   eastasianwidth: [ '0.2.0' ],
15 silly audit   'electron-to-chromium': [ '1.5.151' ],
15 silly audit   'emoji-regex': [ '9.2.2', '8.0.0' ],
15 silly audit   'es-define-property': [ '1.0.1' ],
15 silly audit   'es-errors': [ '1.3.0' ],
15 silly audit   'es-object-atoms': [ '1.1.1' ],
15 silly audit   'es-set-tostringtag': [ '2.1.0' ],
15 silly audit   esbuild: [ '0.21.5' ],
15 silly audit   escalade: [ '3.2.0' ],
15 silly audit   'fast-glob': [ '3.3.3' ],
15 silly audit   fastq: [ '1.19.1' ],
15 silly audit   'fill-range': [ '7.1.1' ],
15 silly audit   'follow-redirects': [ '1.15.9' ],
15 silly audit   'foreground-child': [ '3.3.1' ],
15 silly audit   'form-data': [ '4.0.2' ],
15 silly audit   'fraction.js': [ '4.3.7' ],
15 silly audit   fsevents: [ '2.3.3' ],
15 silly audit   'function-bind': [ '1.1.2' ],
15 silly audit   'get-intrinsic': [ '1.3.0' ],
15 silly audit   'get-proto': [ '1.0.1' ],
15 silly audit   glob: [ '10.4.5' ],
15 silly audit   gopd: [ '1.2.0' ],
15 silly audit   'has-symbols': [ '1.1.0' ],
15 silly audit   'has-tostringtag': [ '1.0.2' ],
15 silly audit   hasown: [ '2.0.2' ],
15 silly audit   'is-binary-path': [ '2.1.0' ],
15 silly audit   'is-core-module': [ '2.16.1' ],
15 silly audit   'is-extglob': [ '2.1.1' ],
15 silly audit   'is-fullwidth-code-point': [ '3.0.0' ],
15 silly audit   'is-glob': [ '4.0.3' ],
15 silly audit   'is-number': [ '7.0.0' ],
15 silly audit   isexe: [ '2.0.0' ],
15 silly audit   jackspeak: [ '3.4.3' ],
15 silly audit   jiti: [ '1.21.7' ],
15 silly audit   'laravel-vite-plugin': [ '1.2.0' ],
15 silly audit   lilconfig: [ '3.1.3' ],
15 silly audit   'lines-and-columns': [ '1.2.4' ],
15 silly audit   'lru-cache': [ '10.4.3' ],
15 silly audit   'math-intrinsics': [ '1.1.0' ],
15 silly audit   merge2: [ '1.4.1' ],
15 silly audit   micromatch: [ '4.0.8' ],
15 silly audit   'mime-db': [ '1.52.0' ],
15 silly audit   'mime-types': [ '2.1.35' ],
15 silly audit   'mini-svg-data-uri': [ '1.4.4' ],
15 silly audit   minimatch: [ '9.0.5' ],
15 silly audit   minipass: [ '7.1.2' ],
15 silly audit   mz: [ '2.7.0' ],
15 silly audit   nanoid: [ '3.3.11' ],
15 silly audit   'node-releases': [ '2.0.19' ],
15 silly audit   'normalize-path': [ '3.0.0' ],
15 silly audit   'normalize-range': [ '0.1.2' ],
15 silly audit   'object-assign': [ '4.1.1' ],
15 silly audit   'object-hash': [ '3.0.0' ],
15 silly audit   'package-json-from-dist': [ '1.0.1' ],
15 silly audit   'path-key': [ '3.1.1' ],
15 silly audit   'path-parse': [ '1.0.7' ],
15 silly audit   'path-scurry': [ '1.11.1' ],
15 silly audit   picocolors: [ '1.1.1' ],
15 silly audit   picomatch: [ '2.3.1' ],
15 silly audit   pify: [ '2.3.0' ],
15 silly audit   pirates: [ '4.0.7' ],
15 silly audit   postcss: [ '8.5.3' ],
15 silly audit   'postcss-import': [ '15.1.0' ],
15 silly audit   'postcss-js': [ '4.0.1' ],
15 silly audit   'postcss-load-config': [ '4.0.2' ],
15 silly audit   'postcss-nested': [ '6.2.0' ],
15 silly audit   'postcss-selector-parser': [ '6.1.2' ],
15 silly audit   'postcss-value-parser': [ '4.2.0' ],
15 silly audit   'proxy-from-env': [ '1.1.0' ],
15 silly audit   'queue-microtask': [ '1.2.3' ],
15 silly audit   'read-cache': [ '1.0.0' ],
15 silly audit   readdirp: [ '3.6.0' ],
15 silly audit   resolve: [ '1.22.10' ],
15 silly audit   reusify: [ '1.1.0' ],
15 silly audit   rollup: [ '4.40.2' ],
15 silly audit   'run-parallel': [ '1.2.0' ],
15 silly audit   'shebang-command': [ '2.0.0' ],
15 silly audit   'shebang-regex': [ '3.0.0' ],
15 silly audit   'signal-exit': [ '4.1.0' ],
15 silly audit   'source-map-js': [ '1.2.1' ],
15 silly audit   'string-width': [ '5.1.2', '4.2.3' ],
15 silly audit   'strip-ansi': [ '6.0.1', '7.1.0' ],
15 silly audit   sucrase: [ '3.35.0' ],
15 silly audit   'supports-preserve-symlinks-flag': [ '1.0.0' ],
15 silly audit   tailwindcss: [ '3.4.17' ],
15 silly audit   thenify: [ '3.3.1' ],
15 silly audit   'thenify-all': [ '1.6.0' ],
15 silly audit   'to-regex-range': [ '5.0.1' ],
15 silly audit   'ts-interface-checker': [ '0.1.13' ],
15 silly audit   'update-browserslist-db': [ '1.1.3' ],
15 silly audit   'util-deprecate': [ '1.0.2' ],
15 silly audit   vite: [ '5.4.19' ],
15 silly audit   'vite-plugin-full-reload': [ '1.2.0' ],
15 silly audit   which: [ '2.0.2' ],
15 silly audit   'wrap-ansi': [ '8.1.0', '7.0.0' ],
15 silly audit   yaml: [ '2.7.1' ]
15 silly audit }
16 verbose reify failed optional dependency /var/www/mailpanel/node_modules/fsevents
17 silly reify mark deleted [ '/var/www/mailpanel/node_modules/fsevents' ]
18 verbose reify failed optional dependency /var/www/mailpanel/node_modules/@rollup/rollup-win32-x64-msvc
19 silly reify mark deleted [ '/var/www/mailpanel/node_modules/@rollup/rollup-win32-x64-msvc' ]
20 verbose reify failed optional dependency /var/www/mailpanel/node_modules/@rollup/rollup-win32-ia32-msvc
21 silly reify mark deleted [ '/var/www/mailpanel/node_modules/@rollup/rollup-win32-ia32-msvc' ]
22 verbose reify failed optional dependency /var/www/mailpanel/node_modules/@rollup/rollup-win32-arm64-msvc
23 silly reify mark deleted [ '/var/www/mailpanel/node_modules/@rollup/rollup-win32-arm64-msvc' ]
24 verbose reify failed optional dependency /var/www/mailpanel/node_modules/@rollup/rollup-linux-s390x-gnu
25 silly reify mark deleted [ '/var/www/mailpanel/node_modules/@rollup/rollup-linux-s390x-gnu' ]
26 verbose reify failed optional dependency /var/www/mailpanel/node_modules/@rollup/rollup-linux-riscv64-musl
27 silly reify mark deleted [ '/var/www/mailpanel/node_modules/@rollup/rollup-linux-riscv64-musl' ]
28 verbose reify failed optional dependency /var/www/mailpanel/node_modules/@rollup/rollup-linux-riscv64-gnu
29 silly reify mark deleted [ '/var/www/mailpanel/node_modules/@rollup/rollup-linux-riscv64-gnu' ]
30 verbose reify failed optional dependency /var/www/mailpanel/node_modules/@rollup/rollup-linux-powerpc64le-gnu
31 silly reify mark deleted [
31 silly reify   '/var/www/mailpanel/node_modules/@rollup/rollup-linux-powerpc64le-gnu'
31 silly reify ]
32 verbose reify failed optional dependency /var/www/mailpanel/node_modules/@rollup/rollup-linux-loongarch64-gnu
33 silly reify mark deleted [
33 silly reify   '/var/www/mailpanel/node_modules/@rollup/rollup-linux-loongarch64-gnu'
33 silly reify ]
34 verbose reify failed optional dependency /var/www/mailpanel/node_modules/@rollup/rollup-linux-arm64-musl
35 silly reify mark deleted [ '/var/www/mailpanel/node_modules/@rollup/rollup-linux-arm64-musl' ]
36 verbose reify failed optional dependency /var/www/mailpanel/node_modules/@rollup/rollup-linux-arm64-gnu
37 silly reify mark deleted [ '/var/www/mailpanel/node_modules/@rollup/rollup-linux-arm64-gnu' ]
38 verbose reify failed optional dependency /var/www/mailpanel/node_modules/@rollup/rollup-linux-arm-musleabihf
39 silly reify mark deleted [
39 silly reify   '/var/www/mailpanel/node_modules/@rollup/rollup-linux-arm-musleabihf'
39 silly reify ]
40 verbose reify failed optional dependency /var/www/mailpanel/node_modules/@rollup/rollup-linux-arm-gnueabihf
41 silly reify mark deleted [
41 silly reify   '/var/www/mailpanel/node_modules/@rollup/rollup-linux-arm-gnueabihf'
41 silly reify ]
42 verbose reify failed optional dependency /var/www/mailpanel/node_modules/@rollup/rollup-freebsd-x64
43 silly reify mark deleted [ '/var/www/mailpanel/node_modules/@rollup/rollup-freebsd-x64' ]
44 verbose reify failed optional dependency /var/www/mailpanel/node_modules/@rollup/rollup-freebsd-arm64
45 silly reify mark deleted [ '/var/www/mailpanel/node_modules/@rollup/rollup-freebsd-arm64' ]
46 verbose reify failed optional dependency /var/www/mailpanel/node_modules/@rollup/rollup-darwin-x64
47 silly reify mark deleted [ '/var/www/mailpanel/node_modules/@rollup/rollup-darwin-x64' ]
48 verbose reify failed optional dependency /var/www/mailpanel/node_modules/@rollup/rollup-darwin-arm64
49 silly reify mark deleted [ '/var/www/mailpanel/node_modules/@rollup/rollup-darwin-arm64' ]
50 verbose reify failed optional dependency /var/www/mailpanel/node_modules/@rollup/rollup-android-arm64
51 silly reify mark deleted [ '/var/www/mailpanel/node_modules/@rollup/rollup-android-arm64' ]
52 verbose reify failed optional dependency /var/www/mailpanel/node_modules/@rollup/rollup-android-arm-eabi
53 silly reify mark deleted [ '/var/www/mailpanel/node_modules/@rollup/rollup-android-arm-eabi' ]
54 verbose reify failed optional dependency /var/www/mailpanel/node_modules/@esbuild/win32-x64
55 silly reify mark deleted [ '/var/www/mailpanel/node_modules/@esbuild/win32-x64' ]
56 verbose reify failed optional dependency /var/www/mailpanel/node_modules/@esbuild/win32-ia32
57 silly reify mark deleted [ '/var/www/mailpanel/node_modules/@esbuild/win32-ia32' ]
58 verbose reify failed optional dependency /var/www/mailpanel/node_modules/@esbuild/win32-arm64
59 silly reify mark deleted [ '/var/www/mailpanel/node_modules/@esbuild/win32-arm64' ]
60 verbose reify failed optional dependency /var/www/mailpanel/node_modules/@esbuild/sunos-x64
61 silly reify mark deleted [ '/var/www/mailpanel/node_modules/@esbuild/sunos-x64' ]
62 verbose reify failed optional dependency /var/www/mailpanel/node_modules/@esbuild/openbsd-x64
63 silly reify mark deleted [ '/var/www/mailpanel/node_modules/@esbuild/openbsd-x64' ]
64 verbose reify failed optional dependency /var/www/mailpanel/node_modules/@esbuild/netbsd-x64
65 silly reify mark deleted [ '/var/www/mailpanel/node_modules/@esbuild/netbsd-x64' ]
66 verbose reify failed optional dependency /var/www/mailpanel/node_modules/@esbuild/linux-s390x
67 silly reify mark deleted [ '/var/www/mailpanel/node_modules/@esbuild/linux-s390x' ]
68 verbose reify failed optional dependency /var/www/mailpanel/node_modules/@esbuild/linux-riscv64
69 silly reify mark deleted [ '/var/www/mailpanel/node_modules/@esbuild/linux-riscv64' ]
70 verbose reify failed optional dependency /var/www/mailpanel/node_modules/@esbuild/linux-ppc64
71 silly reify mark deleted [ '/var/www/mailpanel/node_modules/@esbuild/linux-ppc64' ]
72 verbose reify failed optional dependency /var/www/mailpanel/node_modules/@esbuild/linux-mips64el
73 silly reify mark deleted [ '/var/www/mailpanel/node_modules/@esbuild/linux-mips64el' ]
74 verbose reify failed optional dependency /var/www/mailpanel/node_modules/@esbuild/linux-loong64
75 silly reify mark deleted [ '/var/www/mailpanel/node_modules/@esbuild/linux-loong64' ]
76 verbose reify failed optional dependency /var/www/mailpanel/node_modules/@esbuild/linux-ia32
77 silly reify mark deleted [ '/var/www/mailpanel/node_modules/@esbuild/linux-ia32' ]
78 verbose reify failed optional dependency /var/www/mailpanel/node_modules/@esbuild/linux-arm64
79 silly reify mark deleted [ '/var/www/mailpanel/node_modules/@esbuild/linux-arm64' ]
80 verbose reify failed optional dependency /var/www/mailpanel/node_modules/@esbuild/linux-arm
81 silly reify mark deleted [ '/var/www/mailpanel/node_modules/@esbuild/linux-arm' ]
82 verbose reify failed optional dependency /var/www/mailpanel/node_modules/@esbuild/freebsd-x64
83 silly reify mark deleted [ '/var/www/mailpanel/node_modules/@esbuild/freebsd-x64' ]
84 verbose reify failed optional dependency /var/www/mailpanel/node_modules/@esbuild/freebsd-arm64
85 silly reify mark deleted [ '/var/www/mailpanel/node_modules/@esbuild/freebsd-arm64' ]
86 verbose reify failed optional dependency /var/www/mailpanel/node_modules/@esbuild/darwin-x64
87 silly reify mark deleted [ '/var/www/mailpanel/node_modules/@esbuild/darwin-x64' ]
88 verbose reify failed optional dependency /var/www/mailpanel/node_modules/@esbuild/darwin-arm64
89 silly reify mark deleted [ '/var/www/mailpanel/node_modules/@esbuild/darwin-arm64' ]
90 verbose reify failed optional dependency /var/www/mailpanel/node_modules/@esbuild/android-x64
91 silly reify mark deleted [ '/var/www/mailpanel/node_modules/@esbuild/android-x64' ]
92 verbose reify failed optional dependency /var/www/mailpanel/node_modules/@esbuild/android-arm64
93 silly reify mark deleted [ '/var/www/mailpanel/node_modules/@esbuild/android-arm64' ]
94 verbose reify failed optional dependency /var/www/mailpanel/node_modules/@esbuild/android-arm
95 silly reify mark deleted [ '/var/www/mailpanel/node_modules/@esbuild/android-arm' ]
96 verbose reify failed optional dependency /var/www/mailpanel/node_modules/@esbuild/aix-ppc64
97 silly reify mark deleted [ '/var/www/mailpanel/node_modules/@esbuild/aix-ppc64' ]
98 http fetch POST 200 https://registry.npmjs.org/-/npm/v1/security/advisories/bulk 762ms
99 silly audit report {
99 silly audit report   esbuild: [
99 silly audit report     {
99 silly audit report       id: 1102341,
99 silly audit report       url: 'https://github.com/advisories/GHSA-67mh-4wv8-2f99',
99 silly audit report       title: 'esbuild enables any website to send any requests to the development server and read the response',
99 silly audit report       severity: 'moderate',
99 silly audit report       vulnerable_versions: '<=0.24.2',
99 silly audit report       cwe: [Array],
99 silly audit report       cvss: [Object]
99 silly audit report     }
99 silly audit report   ]
99 silly audit report }
100 silly packumentCache corgi:https://registry.npmjs.org/esbuild cache-miss
101 http fetch GET 200 https://registry.npmjs.org/esbuild 621ms (cache hit)
102 silly packumentCache corgi:https://registry.npmjs.org/esbuild set size:859664 disposed:false
103 silly packumentCache corgi:https://registry.npmjs.org/vite cache-miss
104 http fetch GET 200 https://registry.npmjs.org/vite 143ms (cache hit)
105 silly packumentCache corgi:https://registry.npmjs.org/vite set size:2007743 disposed:false
106 silly packumentCache corgi:https://registry.npmjs.org/laravel-vite-plugin cache-miss
107 http fetch GET 200 https://registry.npmjs.org/laravel-vite-plugin 50ms (cache hit)
108 silly packumentCache corgi:https://registry.npmjs.org/laravel-vite-plugin set size:59003 disposed:false
109 info run esbuild@0.21.5 postinstall node_modules/esbuild node install.js
110 info run esbuild@0.21.5 postinstall { code: 0, signal: null }
111 silly ADD node_modules/yaml
112 silly ADD node_modules/wrap-ansi-cjs
113 silly ADD node_modules/wrap-ansi-cjs/node_modules/strip-ansi
114 silly ADD node_modules/wrap-ansi-cjs/node_modules/string-width
115 silly ADD node_modules/wrap-ansi-cjs/node_modules/emoji-regex
116 silly ADD node_modules/wrap-ansi-cjs/node_modules/ansi-styles
117 silly ADD node_modules/wrap-ansi-cjs/node_modules/ansi-regex
118 silly ADD node_modules/wrap-ansi
119 silly ADD node_modules/which
120 silly ADD node_modules/vite-plugin-full-reload
121 silly ADD node_modules/vite
122 silly ADD node_modules/util-deprecate
123 silly ADD node_modules/update-browserslist-db
124 silly ADD node_modules/ts-interface-checker
125 silly ADD node_modules/to-regex-range
126 silly ADD node_modules/thenify-all
127 silly ADD node_modules/thenify
128 silly ADD node_modules/tailwindcss
129 silly ADD node_modules/supports-preserve-symlinks-flag
130 silly ADD node_modules/sucrase
131 silly ADD node_modules/strip-ansi-cjs
132 silly ADD node_modules/strip-ansi-cjs/node_modules/ansi-regex
133 silly ADD node_modules/strip-ansi
134 silly ADD node_modules/string-width-cjs
135 silly ADD node_modules/string-width-cjs/node_modules/strip-ansi
136 silly ADD node_modules/string-width-cjs/node_modules/emoji-regex
137 silly ADD node_modules/string-width-cjs/node_modules/ansi-regex
138 silly ADD node_modules/string-width
139 silly ADD node_modules/source-map-js
140 silly ADD node_modules/signal-exit
141 silly ADD node_modules/shebang-regex
142 silly ADD node_modules/shebang-command
143 silly ADD node_modules/run-parallel
144 silly ADD node_modules/rollup
145 silly ADD node_modules/reusify
146 silly ADD node_modules/resolve
147 silly ADD node_modules/readdirp
148 silly ADD node_modules/read-cache
149 silly ADD node_modules/queue-microtask
150 silly ADD node_modules/proxy-from-env
151 silly ADD node_modules/postcss-value-parser
152 silly ADD node_modules/postcss-selector-parser
153 silly ADD node_modules/postcss-nested
154 silly ADD node_modules/postcss-load-config
155 silly ADD node_modules/postcss-js
156 silly ADD node_modules/postcss-import
157 silly ADD node_modules/postcss
158 silly ADD node_modules/pirates
159 silly ADD node_modules/pify
160 silly ADD node_modules/picomatch
161 silly ADD node_modules/picocolors
162 silly ADD node_modules/path-scurry
163 silly ADD node_modules/path-parse
164 silly ADD node_modules/path-key
165 silly ADD node_modules/package-json-from-dist
166 silly ADD node_modules/object-hash
167 silly ADD node_modules/object-assign
168 silly ADD node_modules/normalize-range
169 silly ADD node_modules/normalize-path
170 silly ADD node_modules/node-releases
171 silly ADD node_modules/nanoid
172 silly ADD node_modules/mz
173 silly ADD node_modules/minipass
174 silly ADD node_modules/minimatch
175 silly ADD node_modules/mini-svg-data-uri
176 silly ADD node_modules/mime-types
177 silly ADD node_modules/mime-db
178 silly ADD node_modules/micromatch
179 silly ADD node_modules/merge2
180 silly ADD node_modules/math-intrinsics
181 silly ADD node_modules/lru-cache
182 silly ADD node_modules/lines-and-columns
183 silly ADD node_modules/lilconfig
184 silly ADD node_modules/laravel-vite-plugin
185 silly ADD node_modules/jiti
186 silly ADD node_modules/jackspeak
187 silly ADD node_modules/isexe
188 silly ADD node_modules/is-number
189 silly ADD node_modules/is-glob
190 silly ADD node_modules/is-fullwidth-code-point
191 silly ADD node_modules/is-extglob
192 silly ADD node_modules/is-core-module
193 silly ADD node_modules/is-binary-path
194 silly ADD node_modules/hasown
195 silly ADD node_modules/has-tostringtag
196 silly ADD node_modules/has-symbols
197 silly ADD node_modules/gopd
198 silly ADD node_modules/glob-parent
199 silly ADD node_modules/glob
200 silly ADD node_modules/get-proto
201 silly ADD node_modules/get-intrinsic
202 silly ADD node_modules/function-bind
203 silly ADD
204 silly ADD node_modules/fraction.js
205 silly ADD node_modules/form-data
206 silly ADD node_modules/foreground-child
207 silly ADD node_modules/follow-redirects
208 silly ADD node_modules/fill-range
209 silly ADD node_modules/fastq
210 silly ADD node_modules/fast-glob
211 silly ADD node_modules/fast-glob/node_modules/glob-parent
212 silly ADD node_modules/escalade
213 silly ADD node_modules/esbuild
214 silly ADD node_modules/es-set-tostringtag
215 silly ADD node_modules/es-object-atoms
216 silly ADD node_modules/es-errors
217 silly ADD node_modules/es-define-property
218 silly ADD node_modules/emoji-regex
219 silly ADD node_modules/electron-to-chromium
220 silly ADD node_modules/eastasianwidth
221 silly ADD node_modules/dunder-proto
222 silly ADD node_modules/dlv
223 silly ADD node_modules/didyoumean
224 silly ADD node_modules/delayed-stream
225 silly ADD node_modules/cssesc
226 silly ADD node_modules/cross-spawn
227 silly ADD node_modules/commander
228 silly ADD node_modules/combined-stream
229 silly ADD node_modules/color-name
230 silly ADD node_modules/color-convert
231 silly ADD node_modules/chokidar
232 silly ADD node_modules/chokidar/node_modules/glob-parent
233 silly ADD node_modules/caniuse-lite
234 silly ADD node_modules/camelcase-css
235 silly ADD node_modules/call-bind-apply-helpers
236 silly ADD node_modules/browserslist
237 silly ADD node_modules/braces
238 silly ADD node_modules/brace-expansion
239 silly ADD node_modules/binary-extensions
240 silly ADD node_modules/balanced-match
241 silly ADD node_modules/axios
242 silly ADD node_modules/autoprefixer
243 silly ADD node_modules/asynckit
244 silly ADD node_modules/arg
245 silly ADD node_modules/anymatch
246 silly ADD node_modules/any-promise
247 silly ADD node_modules/ansi-styles
248 silly ADD node_modules/ansi-regex
249 silly ADD node_modules/alpinejs
250 silly ADD node_modules/@vue/shared
251 silly ADD node_modules/@vue/reactivity
252 silly ADD node_modules/@types/estree
253 silly ADD node_modules/@tailwindcss/forms
254 silly ADD
255 silly ADD
256 silly ADD
257 silly ADD node_modules/@rollup/rollup-linux-x64-musl
258 silly ADD node_modules/@rollup/rollup-linux-x64-gnu
259 silly ADD
260 silly ADD
261 silly ADD
262 silly ADD
263 silly ADD
264 silly ADD
265 silly ADD
266 silly ADD
267 silly ADD
268 silly ADD
269 silly ADD
270 silly ADD
271 silly ADD
272 silly ADD
273 silly ADD
274 silly ADD node_modules/@pkgjs/parseargs
275 silly ADD node_modules/@nodelib/fs.walk
276 silly ADD node_modules/@nodelib/fs.stat
277 silly ADD node_modules/@nodelib/fs.scandir
278 silly ADD node_modules/@jridgewell/trace-mapping
279 silly ADD node_modules/@jridgewell/sourcemap-codec
280 silly ADD node_modules/@jridgewell/set-array
281 silly ADD node_modules/@jridgewell/resolve-uri
282 silly ADD node_modules/@jridgewell/gen-mapping
283 silly ADD node_modules/@isaacs/cliui
284 silly ADD
285 silly ADD
286 silly ADD
287 silly ADD
288 silly ADD
289 silly ADD
290 silly ADD node_modules/@esbuild/linux-x64
291 silly ADD
292 silly ADD
293 silly ADD
294 silly ADD
295 silly ADD
296 silly ADD
297 silly ADD
298 silly ADD
299 silly ADD
300 silly ADD
301 silly ADD
302 silly ADD
303 silly ADD
304 silly ADD
305 silly ADD
306 silly ADD
307 silly ADD node_modules/@alloc/quick-lru
308 verbose cwd /var/www/mailpanel
309 verbose os Linux 5.15.0-25-generic
310 verbose node v18.20.8
311 verbose npm  v10.8.2
312 verbose exit 0
313 info ok
